2014/11/18 02:03:40 [error] [exception.CDbException] exception 'CDbException' with message 'CDbConnection failed to open the DB connection: SQLSTATE[HY000] [2002] Can't connect to local MySQL server through socket '/var/run/mysqld/mysqld.sock' (2)' in /var/www/yii/framework/db/CDbConnection.php:382
Stack trace:
#0 /var/www/yii/framework/db/CDbConnection.php(330): CDbConnection->open()
#1 /var/www/yii/framework/db/CDbConnection.php(308): CDbConnection->setActive(true)
#2 /var/www/yii/framework/base/CModule.php(387): CDbConnection->init()
#3 /var/www/yii/framework/base/CApplication.php(450): CModule->getComponent('db')
#4 /var/www/yii/framework/db/ar/CActiveRecord.php(634): CApplication->getDb()
#5 /var/www/yii/framework/db/ar/CActiveRecord.php(667): CActiveRecord->getDbConnection()
#6 /var/www/yii/framework/db/ar/CActiveRecord.php(1595): CActiveRecord->getCommandBuilder()
#7 /var/www/yii/framework/web/CActiveDataProvider.php(228): CActiveRecord->count(Object(CDbCriteria))
#8 /var/www/yii/framework/web/CDataProvider.php(224): CActiveDataProvider->calculateTotalItemCount()
#9 /var/www/yii/framework/web/CActiveDataProvider.php(178): CDataProvider->getTotalItemCount()
#10 /var/www/yii/framework/web/CDataProvider.php(168): CActiveDataProvider->fetchData()
#11 /var/www/yii/framework/zii/widgets/CBaseListView.php(111): CDataProvider->getData()
#12 /var/www/yii/framework/zii/widgets/CListView.php(211): CBaseListView->init()
#13 /var/www/yii/framework/web/CBaseController.php(147): CListView->init()
#14 /var/www/yii/framework/web/CBaseController.php(172): CBaseController->createWidget('zii.widgets.CLi...', Array)
#15 /var/www/diagCalculator/protected/views/disease/index.php(22): CBaseController->widget('zii.widgets.CLi...', Array)
#16 /var/www/yii/framework/web/CBaseController.php(126): require('/var/www/diagCa...')
#17 /var/www/yii/framework/web/CBaseController.php(95): CBaseController->renderInternal('/var/www/diagCa...', Array, true)
#18 /var/www/yii/framework/web/CController.php(869): CBaseController->renderFile('/var/www/diagCa...', Array, true)
#19 /var/www/yii/framework/web/CController.php(782): CController->renderPartial('index', Array, true)
#20 /var/www/diagCalculator/protected/controllers/DiseaseController.php(132): CController->render('index', Array)
#21 /var/www/yii/framework/web/actions/CInlineAction.php(49): DiseaseController->actionIndex()
#22 /var/www/yii/framework/web/CController.php(308): CInlineAction->runWithParams(Array)
#23 /var/www/yii/framework/web/filters/CFilterChain.php(133): CController->runAction(Object(CInlineAction))
#24 /var/www/yii/framework/web/filters/CFilter.php(40): CFilterChain->run()
#25 /var/www/yii/framework/web/CController.php(1145): CFilter->filter(Object(CFilterChain))
#26 /var/www/yii/framework/web/filters/CInlineFilter.php(58): CController->filterAccessControl(Object(CFilterChain))
#27 /var/www/yii/framework/web/filters/CFilterChain.php(130): CInlineFilter->filter(Object(CFilterChain))
#28 /var/www/yii/framework/web/CController.php(291): CFilterChain->run()
#29 /var/www/yii/framework/web/CController.php(265): CController->runActionWithFilters(Object(CInlineAction), Array)
#30 /var/www/yii/framework/web/CWebApplication.php(282): CController->run('')
#31 /var/www/yii/framework/web/CWebApplication.php(141): CWebApplication->runController('disease')
#32 /var/www/yii/framework/base/CApplication.php(180): CWebApplication->processRequest()
#33 /var/www/diagCalculator/index.php(13): CApplication->run()
#34 {main}
REQUEST_URI=/diagCalculator/index.php/disease
HTTP_REFERER=http://localhost/diagCalculator/
---
2014/11/18 02:10:59 [error] [exception.CDbException] exception 'CDbException' with message 'CDbConnection failed to open the DB connection: SQLSTATE[HY000] [2002] Can't connect to local MySQL server through socket '/var/run/mysqld/mysqld.sock' (2)' in /var/www/yii/framework/db/CDbConnection.php:382
Stack trace:
#0 /var/www/yii/framework/db/CDbConnection.php(330): CDbConnection->open()
#1 /var/www/yii/framework/db/CDbConnection.php(308): CDbConnection->setActive(true)
#2 /var/www/yii/framework/base/CModule.php(387): CDbConnection->init()
#3 /var/www/yii/framework/base/CApplication.php(450): CModule->getComponent('db')
#4 /var/www/yii/framework/db/ar/CActiveRecord.php(634): CApplication->getDb()
#5 /var/www/yii/framework/db/ar/CActiveRecord.php(667): CActiveRecord->getDbConnection()
#6 /var/www/yii/framework/db/ar/CActiveRecord.php(1595): CActiveRecord->getCommandBuilder()
#7 /var/www/yii/framework/web/CActiveDataProvider.php(228): CActiveRecord->count(Object(CDbCriteria))
#8 /var/www/yii/framework/web/CDataProvider.php(224): CActiveDataProvider->calculateTotalItemCount()
#9 /var/www/yii/framework/web/CActiveDataProvider.php(178): CDataProvider->getTotalItemCount()
#10 /var/www/yii/framework/web/CDataProvider.php(168): CActiveDataProvider->fetchData()
#11 /var/www/yii/framework/zii/widgets/CBaseListView.php(111): CDataProvider->getData()
#12 /var/www/yii/framework/zii/widgets/CListView.php(211): CBaseListView->init()
#13 /var/www/yii/framework/web/CBaseController.php(147): CListView->init()
#14 /var/www/yii/framework/web/CBaseController.php(172): CBaseController->createWidget('zii.widgets.CLi...', Array)
#15 /var/www/diagCalculator/protected/views/disease/index.php(22): CBaseController->widget('zii.widgets.CLi...', Array)
#16 /var/www/yii/framework/web/CBaseController.php(126): require('/var/www/diagCa...')
#17 /var/www/yii/framework/web/CBaseController.php(95): CBaseController->renderInternal('/var/www/diagCa...', Array, true)
#18 /var/www/yii/framework/web/CController.php(869): CBaseController->renderFile('/var/www/diagCa...', Array, true)
#19 /var/www/yii/framework/web/CController.php(782): CController->renderPartial('index', Array, true)
#20 /var/www/diagCalculator/protected/controllers/DiseaseController.php(132): CController->render('index', Array)
#21 /var/www/yii/framework/web/actions/CInlineAction.php(49): DiseaseController->actionIndex()
#22 /var/www/yii/framework/web/CController.php(308): CInlineAction->runWithParams(Array)
#23 /var/www/yii/framework/web/filters/CFilterChain.php(133): CController->runAction(Object(CInlineAction))
#24 /var/www/yii/framework/web/filters/CFilter.php(40): CFilterChain->run()
#25 /var/www/yii/framework/web/CController.php(1145): CFilter->filter(Object(CFilterChain))
#26 /var/www/yii/framework/web/filters/CInlineFilter.php(58): CController->filterAccessControl(Object(CFilterChain))
#27 /var/www/yii/framework/web/filters/CFilterChain.php(130): CInlineFilter->filter(Object(CFilterChain))
#28 /var/www/yii/framework/web/CController.php(291): CFilterChain->run()
#29 /var/www/yii/framework/web/CController.php(265): CController->runActionWithFilters(Object(CInlineAction), Array)
#30 /var/www/yii/framework/web/CWebApplication.php(282): CController->run('')
#31 /var/www/yii/framework/web/CWebApplication.php(141): CWebApplication->runController('disease')
#32 /var/www/yii/framework/base/CApplication.php(180): CWebApplication->processRequest()
#33 /var/www/diagCalculator/index.php(13): CApplication->run()
#34 {main}
REQUEST_URI=/diagCalculator/index.php/disease
HTTP_REFERER=http://localhost/diagCalculator/
---
2014/11/18 02:21:07 [error] [exception.CDbException] exception 'CDbException' with message 'CDbConnection failed to open the DB connection: SQLSTATE[HY000] [2002] Can't connect to local MySQL server through socket '/var/run/mysqld/mysqld.sock' (2)' in /var/www/yii/framework/db/CDbConnection.php:382
Stack trace:
#0 /var/www/yii/framework/db/CDbConnection.php(330): CDbConnection->open()
#1 /var/www/yii/framework/db/CDbConnection.php(308): CDbConnection->setActive(true)
#2 /var/www/yii/framework/base/CModule.php(387): CDbConnection->init()
#3 /var/www/yii/framework/base/CApplication.php(450): CModule->getComponent('db')
#4 /var/www/yii/framework/db/ar/CActiveRecord.php(634): CApplication->getDb()
#5 /var/www/yii/framework/db/ar/CActiveRecord.php(667): CActiveRecord->getDbConnection()
#6 /var/www/yii/framework/db/ar/CActiveRecord.php(1595): CActiveRecord->getCommandBuilder()
#7 /var/www/yii/framework/web/CActiveDataProvider.php(228): CActiveRecord->count(Object(CDbCriteria))
#8 /var/www/yii/framework/web/CDataProvider.php(224): CActiveDataProvider->calculateTotalItemCount()
#9 /var/www/yii/framework/web/CActiveDataProvider.php(178): CDataProvider->getTotalItemCount()
#10 /var/www/yii/framework/web/CDataProvider.php(168): CActiveDataProvider->fetchData()
#11 /var/www/yii/framework/zii/widgets/CBaseListView.php(111): CDataProvider->getData()
#12 /var/www/yii/framework/zii/widgets/CListView.php(211): CBaseListView->init()
#13 /var/www/yii/framework/web/CBaseController.php(147): CListView->init()
#14 /var/www/yii/framework/web/CBaseController.php(172): CBaseController->createWidget('zii.widgets.CLi...', Array)
#15 /var/www/diagCalculator/protected/views/disease/index.php(22): CBaseController->widget('zii.widgets.CLi...', Array)
#16 /var/www/yii/framework/web/CBaseController.php(126): require('/var/www/diagCa...')
#17 /var/www/yii/framework/web/CBaseController.php(95): CBaseController->renderInternal('/var/www/diagCa...', Array, true)
#18 /var/www/yii/framework/web/CController.php(869): CBaseController->renderFile('/var/www/diagCa...', Array, true)
#19 /var/www/yii/framework/web/CController.php(782): CController->renderPartial('index', Array, true)
#20 /var/www/diagCalculator/protected/controllers/DiseaseController.php(132): CController->render('index', Array)
#21 /var/www/yii/framework/web/actions/CInlineAction.php(49): DiseaseController->actionIndex()
#22 /var/www/yii/framework/web/CController.php(308): CInlineAction->runWithParams(Array)
#23 /var/www/yii/framework/web/filters/CFilterChain.php(133): CController->runAction(Object(CInlineAction))
#24 /var/www/yii/framework/web/filters/CFilter.php(40): CFilterChain->run()
#25 /var/www/yii/framework/web/CController.php(1145): CFilter->filter(Object(CFilterChain))
#26 /var/www/yii/framework/web/filters/CInlineFilter.php(58): CController->filterAccessControl(Object(CFilterChain))
#27 /var/www/yii/framework/web/filters/CFilterChain.php(130): CInlineFilter->filter(Object(CFilterChain))
#28 /var/www/yii/framework/web/CController.php(291): CFilterChain->run()
#29 /var/www/yii/framework/web/CController.php(265): CController->runActionWithFilters(Object(CInlineAction), Array)
#30 /var/www/yii/framework/web/CWebApplication.php(282): CController->run('')
#31 /var/www/yii/framework/web/CWebApplication.php(141): CWebApplication->runController('disease')
#32 /var/www/yii/framework/base/CApplication.php(180): CWebApplication->processRequest()
#33 /var/www/diagCalculator/index.php(13): CApplication->run()
#34 {main}
REQUEST_URI=/diagCalculator/index.php/disease
HTTP_REFERER=http://localhost/diagCalculator/
---
2014/11/18 03:02:14 [error] [php] include(Post.php): failed to open stream: No such file or directory (/var/www/yii/framework/YiiBase.php:427)
Stack trace:
#0 /var/www/diagCalculator/protected/controllers/ApiController.php(46): spl_autoload_call()
#1 /var/www/yii/framework/web/actions/CInlineAction.php(49): ApiController->actionList()
#2 /var/www/yii/framework/web/CController.php(308): CInlineAction->runWithParams()
#3 /var/www/yii/framework/web/CController.php(286): ApiController->runAction()
#4 /var/www/yii/framework/web/CController.php(265): ApiController->runActionWithFilters()
#5 /var/www/yii/framework/web/CWebApplication.php(282): ApiController->run()
#6 /var/www/yii/framework/web/CWebApplication.php(141): CWebApplication->runController()
#7 /var/www/yii/framework/base/CApplication.php(180): CWebApplication->processRequest()
#8 /var/www/diagCalculator/index.php(13): CWebApplication->run()
REQUEST_URI=/diagCalculator/index.php/api/posts/
in /var/www/diagCalculator/protected/controllers/ApiController.php (46)
in /var/www/diagCalculator/index.php (13)
2014/11/18 03:02:15 [error] [php] include(Post.php): failed to open stream: No such file or directory (/var/www/yii/framework/YiiBase.php:427)
Stack trace:
#0 /var/www/diagCalculator/protected/controllers/ApiController.php(46): spl_autoload_call()
#1 /var/www/yii/framework/web/actions/CInlineAction.php(49): ApiController->actionList()
#2 /var/www/yii/framework/web/CController.php(308): CInlineAction->runWithParams()
#3 /var/www/yii/framework/web/CController.php(286): ApiController->runAction()
#4 /var/www/yii/framework/web/CController.php(265): ApiController->runActionWithFilters()
#5 /var/www/yii/framework/web/CWebApplication.php(282): ApiController->run()
#6 /var/www/yii/framework/web/CWebApplication.php(141): CWebApplication->runController()
#7 /var/www/yii/framework/base/CApplication.php(180): CWebApplication->processRequest()
#8 /var/www/diagCalculator/index.php(13): CWebApplication->run()
REQUEST_URI=/diagCalculator/index.php/api/posts/
in /var/www/diagCalculator/protected/controllers/ApiController.php (46)
in /var/www/diagCalculator/index.php (13)
2014/11/18 03:13:45 [error] [exception.CException] exception 'CException' with message 'Disease and its behaviors do not have a method or closure named "getAllDiseases".' in /var/www/yii/framework/base/CComponent.php:266
Stack trace:
#0 /var/www/yii/framework/db/ar/CActiveRecord.php(227): CComponent->__call('getAllDiseases', Array)
#1 /var/www/diagCalculator/protected/controllers/ApiController.php(73): CActiveRecord->__call('getAllDiseases', Array)
#2 /var/www/diagCalculator/protected/controllers/ApiController.php(73): Disease->getAllDiseases()
#3 /var/www/yii/framework/web/actions/CInlineAction.php(49): ApiController->actionView()
#4 /var/www/yii/framework/web/CController.php(308): CInlineAction->runWithParams(Array)
#5 /var/www/yii/framework/web/CController.php(286): CController->runAction(Object(CInlineAction))
#6 /var/www/yii/framework/web/CController.php(265): CController->runActionWithFilters(Object(CInlineAction), Array)
#7 /var/www/yii/framework/web/CWebApplication.php(282): CController->run('view')
#8 /var/www/yii/framework/web/CWebApplication.php(141): CWebApplication->runController('api/view')
#9 /var/www/yii/framework/base/CApplication.php(180): CWebApplication->processRequest()
#10 /var/www/diagCalculator/index.php(13): CApplication->run()
#11 {main}
REQUEST_URI=/diagCalculator/index.php/api/disease/1
---
2014/11/18 03:15:38 [error] [exception.CHttpException.404] exception 'CHttpException' with message 'The system is unable to find the requested action "disease".' in /var/www/yii/framework/web/CController.php:483
Stack trace:
#0 /var/www/yii/framework/web/CController.php(270): CController->missingAction('disease')
#1 /var/www/yii/framework/web/CWebApplication.php(282): CController->run('disease')
#2 /var/www/yii/framework/web/CWebApplication.php(141): CWebApplication->runController('api/disease/1')
#3 /var/www/yii/framework/base/CApplication.php(180): CWebApplication->processRequest()
#4 /var/www/diagCalculator/index.php(13): CApplication->run()
#5 {main}
REQUEST_URI=/diagCalculator/index.php/api/disease/1
---
2014/11/18 03:17:54 [error] [php] include(diag_test.php): failed to open stream: No such file or directory (/var/www/yii/framework/YiiBase.php:427)
Stack trace:
#0 /var/www/diagCalculator/protected/models/DiagnosticTest.php(83): spl_autoload_call()
#1 /var/www/diagCalculator/protected/controllers/ApiController.php(43): DiagnosticTest->getAllDiagTest()
#2 /var/www/yii/framework/web/actions/CInlineAction.php(49): ApiController->actionList()
#3 /var/www/yii/framework/web/CController.php(308): CInlineAction->runWithParams()
#4 /var/www/yii/framework/web/CController.php(286): ApiController->runAction()
#5 /var/www/yii/framework/web/CController.php(265): ApiController->runActionWithFilters()
#6 /var/www/yii/framework/web/CWebApplication.php(282): ApiController->run()
#7 /var/www/yii/framework/web/CWebApplication.php(141): CWebApplication->runController()
#8 /var/www/yii/framework/base/CApplication.php(180): CWebApplication->processRequest()
#9 /var/www/diagCalculator/index.php(13): CWebApplication->run()
REQUEST_URI=/diagCalculator/index.php/api/diseases
in /var/www/diagCalculator/protected/models/DiagnosticTest.php (83)
in /var/www/diagCalculator/protected/controllers/ApiController.php (43)
in /var/www/diagCalculator/index.php (13)
2014/11/18 03:18:02 [error] [php] include(diag_test.php): failed to open stream: No such file or directory (/var/www/yii/framework/YiiBase.php:427)
Stack trace:
#0 /var/www/diagCalculator/protected/models/DiagnosticTest.php(83): spl_autoload_call()
#1 /var/www/diagCalculator/protected/controllers/ApiController.php(43): DiagnosticTest->getAllDiagTest()
#2 /var/www/yii/framework/web/actions/CInlineAction.php(49): ApiController->actionList()
#3 /var/www/yii/framework/web/CController.php(308): CInlineAction->runWithParams()
#4 /var/www/yii/framework/web/CController.php(286): ApiController->runAction()
#5 /var/www/yii/framework/web/CController.php(265): ApiController->runActionWithFilters()
#6 /var/www/yii/framework/web/CWebApplication.php(282): ApiController->run()
#7 /var/www/yii/framework/web/CWebApplication.php(141): CWebApplication->runController()
#8 /var/www/yii/framework/base/CApplication.php(180): CWebApplication->processRequest()
#9 /var/www/diagCalculator/index.php(13): CWebApplication->run()
REQUEST_URI=/diagCalculator/index.php/api/posts
in /var/www/diagCalculator/protected/models/DiagnosticTest.php (83)
in /var/www/diagCalculator/protected/controllers/ApiController.php (43)
in /var/www/diagCalculator/index.php (13)
2014/11/18 03:18:03 [error] [php] include(diag_test.php): failed to open stream: No such file or directory (/var/www/yii/framework/YiiBase.php:427)
Stack trace:
#0 /var/www/diagCalculator/protected/models/DiagnosticTest.php(83): spl_autoload_call()
#1 /var/www/diagCalculator/protected/controllers/ApiController.php(43): DiagnosticTest->getAllDiagTest()
#2 /var/www/yii/framework/web/actions/CInlineAction.php(49): ApiController->actionList()
#3 /var/www/yii/framework/web/CController.php(308): CInlineAction->runWithParams()
#4 /var/www/yii/framework/web/CController.php(286): ApiController->runAction()
#5 /var/www/yii/framework/web/CController.php(265): ApiController->runActionWithFilters()
#6 /var/www/yii/framework/web/CWebApplication.php(282): ApiController->run()
#7 /var/www/yii/framework/web/CWebApplication.php(141): CWebApplication->runController()
#8 /var/www/yii/framework/base/CApplication.php(180): CWebApplication->processRequest()
#9 /var/www/diagCalculator/index.php(13): CWebApplication->run()
REQUEST_URI=/diagCalculator/index.php/api/posts
in /var/www/diagCalculator/protected/models/DiagnosticTest.php (83)
in /var/www/diagCalculator/protected/controllers/ApiController.php (43)
in /var/www/diagCalculator/index.php (13)
2014/11/18 03:18:29 [error] [php] include(diag_test.php): failed to open stream: No such file or directory (/var/www/yii/framework/YiiBase.php:427)
Stack trace:
#0 /var/www/diagCalculator/protected/models/DiagnosticTest.php(83): spl_autoload_call()
#1 /var/www/diagCalculator/protected/controllers/ApiController.php(43): DiagnosticTest->getAllDiagTest()
#2 /var/www/yii/framework/web/actions/CInlineAction.php(49): ApiController->actionList()
#3 /var/www/yii/framework/web/CController.php(308): CInlineAction->runWithParams()
#4 /var/www/yii/framework/web/CController.php(286): ApiController->runAction()
#5 /var/www/yii/framework/web/CController.php(265): ApiController->runActionWithFilters()
#6 /var/www/yii/framework/web/CWebApplication.php(282): ApiController->run()
#7 /var/www/yii/framework/web/CWebApplication.php(141): CWebApplication->runController()
#8 /var/www/yii/framework/base/CApplication.php(180): CWebApplication->processRequest()
#9 /var/www/diagCalculator/index.php(13): CWebApplication->run()
REQUEST_URI=/diagCalculator/index.php/api/posts
in /var/www/diagCalculator/protected/models/DiagnosticTest.php (83)
in /var/www/diagCalculator/protected/controllers/ApiController.php (43)
in /var/www/diagCalculator/index.php (13)
2014/11/18 03:18:41 [error] [php] include(diag_test.php): failed to open stream: No such file or directory (/var/www/yii/framework/YiiBase.php:427)
Stack trace:
#0 /var/www/diagCalculator/protected/models/DiagnosticTest.php(83): spl_autoload_call()
#1 /var/www/diagCalculator/protected/controllers/ApiController.php(43): DiagnosticTest->getAllDiagTest()
#2 /var/www/yii/framework/web/actions/CInlineAction.php(49): ApiController->actionList()
#3 /var/www/yii/framework/web/CController.php(308): CInlineAction->runWithParams()
#4 /var/www/yii/framework/web/CController.php(286): ApiController->runAction()
#5 /var/www/yii/framework/web/CController.php(265): ApiController->runActionWithFilters()
#6 /var/www/yii/framework/web/CWebApplication.php(282): ApiController->run()
#7 /var/www/yii/framework/web/CWebApplication.php(141): CWebApplication->runController()
#8 /var/www/yii/framework/base/CApplication.php(180): CWebApplication->processRequest()
#9 /var/www/diagCalculator/index.php(13): CWebApplication->run()
REQUEST_URI=/diagCalculator/index.php/api/posts
in /var/www/diagCalculator/protected/models/DiagnosticTest.php (83)
in /var/www/diagCalculator/protected/controllers/ApiController.php (43)
in /var/www/diagCalculator/index.php (13)
2014/11/18 03:18:58 [error] [php] include(diag_test.php): failed to open stream: No such file or directory (/var/www/yii/framework/YiiBase.php:427)
Stack trace:
#0 /var/www/diagCalculator/protected/models/DiagnosticTest.php(83): spl_autoload_call()
#1 /var/www/diagCalculator/protected/controllers/ApiController.php(43): DiagnosticTest->getAllDiagTest()
#2 /var/www/yii/framework/web/actions/CInlineAction.php(49): ApiController->actionList()
#3 /var/www/yii/framework/web/CController.php(308): CInlineAction->runWithParams()
#4 /var/www/yii/framework/web/CController.php(286): ApiController->runAction()
#5 /var/www/yii/framework/web/CController.php(265): ApiController->runActionWithFilters()
#6 /var/www/yii/framework/web/CWebApplication.php(282): ApiController->run()
#7 /var/www/yii/framework/web/CWebApplication.php(141): CWebApplication->runController()
#8 /var/www/yii/framework/base/CApplication.php(180): CWebApplication->processRequest()
#9 /var/www/diagCalculator/index.php(13): CWebApplication->run()
REQUEST_URI=/diagCalculator/index.php/api/posts/
in /var/www/diagCalculator/protected/models/DiagnosticTest.php (83)
in /var/www/diagCalculator/protected/controllers/ApiController.php (43)
in /var/www/diagCalculator/index.php (13)
2014/11/18 03:21:04 [error] [php] include(Diag_test.php): failed to open stream: No such file or directory (/var/www/yii/framework/YiiBase.php:427)
Stack trace:
#0 /var/www/diagCalculator/protected/models/DiagnosticTest.php(83): spl_autoload_call()
#1 /var/www/diagCalculator/protected/controllers/ApiController.php(43): DiagnosticTest->getAllDiagTest()
#2 /var/www/yii/framework/web/actions/CInlineAction.php(49): ApiController->actionList()
#3 /var/www/yii/framework/web/CController.php(308): CInlineAction->runWithParams()
#4 /var/www/yii/framework/web/CController.php(286): ApiController->runAction()
#5 /var/www/yii/framework/web/CController.php(265): ApiController->runActionWithFilters()
#6 /var/www/yii/framework/web/CWebApplication.php(282): ApiController->run()
#7 /var/www/yii/framework/web/CWebApplication.php(141): CWebApplication->runController()
#8 /var/www/yii/framework/base/CApplication.php(180): CWebApplication->processRequest()
#9 /var/www/diagCalculator/index.php(13): CWebApplication->run()
REQUEST_URI=/diagCalculator/index.php/api/posts/
in /var/www/diagCalculator/protected/models/DiagnosticTest.php (83)
in /var/www/diagCalculator/protected/controllers/ApiController.php (43)
in /var/www/diagCalculator/index.php (13)
